Using pre-set license
Built from '2022.3/staging' branch; Version is '2022.3.41f1 (0f988161febf) revision 1022081'; Using compiler version '192829333'; Build Type 'Release'
OS: 'Windows 11  (10.0.22631) 64bit Core' Language: 'en' Physical Memory: 32469 MB
BatchMode: 1, IsHumanControllingUs: 0, StartBugReporterOnCrash: 0, Is64bit: 1, IsPro: 1

COMMAND LINE ARGUMENTS:
C:\Program Files\Unity\Hub\Editor\2022.3.41f1\Editor\Unity.exe
-adb2
-batchMode
-noUpm
-name
AssetImportWorker8
-projectPath
C:/Dima/Projects/vr-template/VRTemp
-logFile
Logs/AssetImportWorker8.log
-srvPort
50818
Successfully changed project path to: C:/Dima/Projects/vr-template/VRTemp
C:/Dima/Projects/vr-template/VRTemp
[UnityMemory] Configuration Parameters - Can be set up in boot.config
    "memorysetup-bucket-allocator-granularity=16"
    "memorysetup-bucket-allocator-bucket-count=8"
    "memorysetup-bucket-allocator-block-size=33554432"
    "memorysetup-bucket-allocator-block-count=8"
    "memorysetup-main-allocator-block-size=16777216"
    "memorysetup-thread-allocator-block-size=16777216"
    "memorysetup-gfx-main-allocator-block-size=16777216"
    "memorysetup-gfx-thread-allocator-block-size=16777216"
    "memorysetup-cache-allocator-block-size=4194304"
    "memorysetup-typetree-allocator-block-size=2097152"
    "memorysetup-profiler-bucket-allocator-granularity=16"
    "memorysetup-profiler-bucket-allocator-bucket-count=8"
    "memorysetup-profiler-bucket-allocator-block-size=33554432"
    "memorysetup-profiler-bucket-allocator-block-count=8"
    "memorysetup-profiler-allocator-block-size=16777216"
    "memorysetup-profiler-editor-allocator-block-size=1048576"
    "memorysetup-temp-allocator-size-main=16777216"
    "memorysetup-job-temp-allocator-block-size=2097152"
    "memorysetup-job-temp-allocator-block-size-background=1048576"
    "memorysetup-job-temp-allocator-reduction-small-platforms=262144"
    "memorysetup-allocator-temp-initial-block-size-main=262144"
    "memorysetup-allocator-temp-initial-block-size-worker=262144"
    "memorysetup-temp-allocator-size-background-worker=32768"
    "memorysetup-temp-allocator-size-job-worker=262144"
    "memorysetup-temp-allocator-size-preload-manager=33554432"
    "memorysetup-temp-allocator-size-nav-mesh-worker=65536"
    "memorysetup-temp-allocator-size-audio-worker=65536"
    "memorysetup-temp-allocator-size-cloud-worker=32768"
    "memorysetup-temp-allocator-size-gi-baking-worker=262144"
    "memorysetup-temp-allocator-size-gfx=262144"
Player connection [10008]  Target information:

Player connection [10008]  * "[IP] 192.168.178.180 [Port] 0 [Flags] 2 [Guid] 1979940142 [EditorId] 1979940142 [Version] 1048832 [Id] WindowsEditor(7,MSI) [Debug] 1 [PackageName] WindowsEditor [ProjectName] Editor" 

Player connection [10008]  * "[IP] 10.2.0.2 [Port] 0 [Flags] 2 [Guid] 1979940142 [EditorId] 1979940142 [Version] 1048832 [Id] WindowsEditor(7,MSI) [Debug] 1 [PackageName] WindowsEditor [ProjectName] Editor" 

Player connection [10008] Host joined multi-casting on [225.0.0.222:54997]...
Player connection [10008] Host joined alternative multi-casting on [225.0.0.222:34997]...
[PhysX] Initialized MultithreadedTaskDispatcher with 32 workers.
Refreshing native plugins compatible for Editor in 25.14 ms, found 17 plugins.
Preloading 3 native plugins for Editor in 1.92 ms.
Initialize engine version: 2022.3.41f1 (0f988161febf)
[Subsystems] Discovering subsystems at path C:/Program Files/Unity/Hub/Editor/2022.3.41f1/Editor/Data/Resources/UnitySubsystems
[Subsystems] Discovering subsystems at path C:/Dima/Projects/vr-template/VRTemp/Assets
GfxDevice: creating device client; threaded=0; jobified=0
Direct3D:
    Version:  Direct3D 11.0 [level 11.1]
    Renderer: NVIDIA GeForce RTX 4080 Laptop GPU (ID=0x27a0)
    Vendor:   NVIDIA
    VRAM:     11997 MB
    Driver:   31.0.15.5188
Shader 'Meta/MRUK/Scene/HighlightsAndShadows': fallback shader 'Off' not found
Shader 'Oculus/OVRMRCameraFrameLit': fallback shader 'Alpha-Diffuse' not found
Initialize mono
Mono path[0] = 'C:/Program Files/Unity/Hub/Editor/2022.3.41f1/Editor/Data/Managed'
Mono path[1] = 'C:/Program Files/Unity/Hub/Editor/2022.3.41f1/Editor/Data/MonoBleedingEdge/lib/mono/unityjit-win32'
Mono config path = 'C:/Program Files/Unity/Hub/Editor/2022.3.41f1/Editor/Data/MonoBleedingEdge/etc'
Using monoOptions --debugger-agent=transport=dt_socket,embedding=1,server=y,suspend=n,address=127.0.0.1:56540
Begin MonoManager ReloadAssembly
Registering precompiled unity dll's ...
Register platform support module: C:/Program Files/Unity/Hub/Editor/2022.3.41f1/Editor/Data/PlaybackEngines/WebGLSupport/UnityEditor.WebGL.Extensions.dll
Register platform support module: C:/Program Files/Unity/Hub/Editor/2022.3.41f1/Editor/Data/PlaybackEngines/AndroidPlayer/UnityEditor.Android.Extensions.dll
Register platform support module: C:/Program Files/Unity/Hub/Editor/2022.3.41f1/Editor/Data/PlaybackEngines/WindowsStandaloneSupport/UnityEditor.WindowsStandalone.Extensions.dll
Registered in 0.009587 seconds.
- Loaded All Assemblies, in  0.224 seconds
Native extension for WindowsStandalone target not found
Native extension for Android target not found
Android Extension - Scanning For ADB Devices 174 ms
Native extension for WebGL target not found
Mono: successfully reloaded assembly
- Finished resetting the current domain, in  0.371 seconds
Domain Reload Profiling: 594ms
	BeginReloadAssembly (70ms)
		ExecutionOrderSort (0ms)
		DisableScriptedObjects (0ms)
		BackupInstance (0ms)
		ReleaseScriptingObjects (0ms)
		CreateAndSetChildDomain (0ms)
	RebuildCommonClasses (19ms)
	RebuildNativeTypeToScriptingClass (6ms)
	initialDomainReloadingComplete (42ms)
	LoadAllAssembliesAndSetupDomain (85ms)
		LoadAssemblies (69ms)
		RebuildTransferFunctionScriptingTraits (0ms)
		AnalyzeDomain (83ms)
			TypeCache.Refresh (82ms)
				TypeCache.ScanAssembly (74ms)
			ScanForSourceGeneratedMonoScriptInfo (0ms)
			ResolveRequiredComponents (0ms)
	FinalizeReload (372ms)
		ReleaseScriptCaches (0ms)
		RebuildScriptCaches (0ms)
		SetupLoadedEditorAssemblies (347ms)
			LogAssemblyErrors (0ms)
			InitializePlatformSupportModulesInManaged (251ms)
			SetLoadedEditorAssemblies (2ms)
			RefreshPlugins (0ms)
			BeforeProcessingInitializeOnLoad (1ms)
			ProcessInitializeOnLoadAttributes (66ms)
			ProcessInitializeOnLoadMethodAttributes (27ms)
			AfterProcessingInitializeOnLoad (0ms)
			EditorAssembliesLoaded (0ms)
		ExecutionOrderSort2 (0ms)
		AwakeInstancesAfterBackupRestoration (0ms)
========================================================================
Worker process is ready to serve import requests
Caller must complete domain reload
Begin MonoManager ReloadAssembly
Symbol file LoadedFromMemory is not a mono symbol file
- Loaded All Assemblies, in  0.591 seconds
Native extension for WindowsStandalone target not found
Native extension for Android target not found
Native extension for WebGL target not found
Package Manager log level set to [2]
[Package Manager] Server::EnsureServerProcessIsRunning -- launch failed, reason: Unity was launched with the -noUpm command-line argument
[Package Manager] UpmClient::Send -- Unable to send message (not connected to UPM process).
[Package Manager] Cannot connect to Unity Package Manager local server
[Package Manager] Server::EnsureServerProcessIsRunning -- launch failed, reason: Unity was launched with the -noUpm command-line argument
[Package Manager] UpmClient::Send -- Unable to send message (not connected to UPM process).
[Package Manager] Cannot connect to Unity Package Manager local server
[Package Manager] Server::EnsureServerProcessIsRunning -- launch failed, reason: Unity was launched with the -noUpm command-line argument
[Package Manager] UpmClient::Send -- Unable to send message (not connected to UPM process).
[Package Manager] Cannot connect to Unity Package Manager local server
System.Reflection.TargetInvocationException: Exception has been thrown by the target of an invocation. ---> System.NullReferenceException: Object reference not set to an instance of an object
  at Unity.XR.Oculus.OculusLoader.AssetPathToAbsolutePath (System.String assetPath) [0x0003d] in .\Library\PackageCache\com.unity.xr.oculus@4.2.0\Runtime\OculusLoader.cs:298 
  at Unity.XR.Oculus.OculusLoader.EditorLoadOVRPlugin () [0x0008c] in .\Library\PackageCache\com.unity.xr.oculus@4.2.0\Runtime\OculusLoader.cs:283 
  at (wrapper managed-to-native) System.Reflection.RuntimeMethodInfo.InternalInvoke(System.Reflection.RuntimeMethodInfo,object,object[],System.Exception&)
  at System.Reflection.RuntimeMethodInfo.Invoke (System.Object obj, System.Reflection.BindingFlags invokeAttr, System.Reflection.Binder binder, System.Object[] parameters, System.Globalization.CultureInfo culture) [0x0006a] in <8ce0bd04a7a04b4b9395538239d3fdd8>:0 
   --- End of inner exception stack trace ---
  at System.Reflection.RuntimeMethodInfo.Invoke (System.Object obj, System.Reflection.BindingFlags invokeAttr, System.Reflection.Binder binder, System.Object[] parameters, System.Globalization.CultureInfo culture) [0x00083] in <8ce0bd04a7a04b4b9395538239d3fdd8>:0 
  at System.Reflection.MethodBase.Invoke (System.Object obj, System.Object[] parameters) [0x00000] in <8ce0bd04a7a04b4b9395538239d3fdd8>:0 
  at UnityEditor.EditorAssemblies.ProcessInitializeOnLoadMethodAttributes () [0x000a5] in <291e350a1994482698fa28b09c0523cf>:0 
UnityEngine.StackTraceUtility:ExtractStackTrace ()
UnityEngine.DebugLogHandler:LogFormat (UnityEngine.LogType,UnityEngine.Object,string,object[])
UnityEngine.Logger:Log (UnityEngine.LogType,object)
UnityEngine.Debug:LogError (object)
UnityEditor.EditorAssemblies:ProcessInitializeOnLoadMethodAttributes ()

Mono: successfully reloaded assembly
[Package Manager] Server::EnsureServerProcessIsRunning -- launch failed, reason: Unity was launched with the -noUpm command-line argument
[Package Manager] UpmClient::Send -- Unable to send message (not connected to UPM process).
[Package Manager] Cannot connect to Unity Package Manager local server
[Package Manager] Server::EnsureServerProcessIsRunning -- launch failed, reason: Unity was launched with the -noUpm command-line argument
[Package Manager] UpmClient::Send -- Unable to send message (not connected to UPM process).
[Package Manager] Cannot connect to Unity Package Manager local server
- Finished resetting the current domain, in  1.803 seconds
Domain Reload Profiling: 2389ms
	BeginReloadAssembly (90ms)
		ExecutionOrderSort (0ms)
		DisableScriptedObjects (3ms)
		BackupInstance (0ms)
		ReleaseScriptingObjects (0ms)
		CreateAndSetChildDomain (12ms)
	RebuildCommonClasses (19ms)
	RebuildNativeTypeToScriptingClass (6ms)
	initialDomainReloadingComplete (27ms)
	LoadAllAssembliesAndSetupDomain (444ms)
		LoadAssemblies (274ms)
		RebuildTransferFunctionScriptingTraits (0ms)
		AnalyzeDomain (223ms)
			TypeCache.Refresh (161ms)
				TypeCache.ScanAssembly (145ms)
			ScanForSourceGeneratedMonoScriptInfo (31ms)
			ResolveRequiredComponents (30ms)
	FinalizeReload (1804ms)
		ReleaseScriptCaches (0ms)
		RebuildScriptCaches (0ms)
		SetupLoadedEditorAssemblies (1675ms)
			LogAssemblyErrors (0ms)
			InitializePlatformSupportModulesInManaged (17ms)
			SetLoadedEditorAssemblies (4ms)
			RefreshPlugins (0ms)
			BeforeProcessingInitializeOnLoad (85ms)
			ProcessInitializeOnLoadAttributes (1490ms)
			ProcessInitializeOnLoadMethodAttributes (72ms)
			AfterProcessingInitializeOnLoad (6ms)
			EditorAssembliesLoaded (0ms)
		ExecutionOrderSort2 (0ms)
		AwakeInstancesAfterBackupRestoration (4ms)
Shader 'Oculus/OVRMRCameraFrameLit': fallback shader 'Alpha-Diffuse' not found
Shader 'Meta/MRUK/Scene/HighlightsAndShadows': fallback shader 'Off' not found
Launched and connected shader compiler UnityShaderCompiler.exe after 0.02 seconds
Refreshing native plugins compatible for Editor in 15.39 ms, found 17 plugins.
Preloading 3 native plugins for Editor in 0.10 ms.
Unloading 8670 Unused Serialized files (Serialized files now loaded: 0)
Unloading 159 unused Assets / (2.2 MB). Loaded Objects now: 9085.
Memory consumption went from 322.3 MB to 320.0 MB.
Total: 4.458600 ms (FindLiveObjects: 0.367200 ms CreateObjectMapping: 0.333300 ms MarkObjects: 3.192200 ms  DeleteObjects: 0.564900 ms)

AssetImportParameters requested are different than current active one (requested -> active):
  custom:container-demuxer-ogg: 62fdf1f143b41e24485cea50d1cbac27 -> 
  custom:framework-win-MediaFoundation: 216162199b28c13a410421893ffa2e32 -> 
  custom:container-muxer-webm: aa71ff27fc2769a1b78a27578f13a17b -> 
  custom:video-decoder-webm-vp8: 9c59270c3fd7afecdb556c50c9e8de78 -> 
  custom:SearchIndexIgnoredProperties: e643bd26f0fe6173181afceb89e7c659 -> 
  custom:AudioImporter_EditorPlatform: d09bf68614088b80899f8185d706f6e7 -> 
  custom:audio-decoder-ogg-vorbis: bf7c407c2cedff20999df2af8eb42d56 -> 
  custom:audio-encoder-webm-vorbis: bf7c407c2cedff20999df2af8eb42d56 -> 
  custom:video-codec-MediaFoundation-h265: 746d11721c4dcdbdad8f713fa42b33f4 -> 
  custom:video-decoder-ogg-theora: a1e56fd34408186e4bbccfd4996cb3dc -> 
  custom:CustomObjectIndexerAttribute: 72b91833f83ae208fae7752999fa3104 -> 
  custom:container-demuxer-webm: 4f35f7cbe854078d1ac9338744f61a02 -> 
  custom:video-encoder-webm-vp8: eb34c28f22e8b96e1ab97ce403110664 -> 
========================================================================
Received Import Request.
  Time since last request: 475648.742090 seconds.
  path: Assets/Samples/XR Interaction Toolkit/3.0.3/Starter Assets/Prefabs/Controllers
  artifactKey: Guid(8cb8501f33d08a04fabf074fd81eaf76) Importer(815301076,1909f56bfc062723c751e8b465ee728b)
Start importing Assets/Samples/XR Interaction Toolkit/3.0.3/Starter Assets/Prefabs/Controllers using Guid(8cb8501f33d08a04fabf074fd81eaf76) Importer(815301076,1909f56bfc062723c751e8b465ee728b) [PhysX] Initialized MultithreadedTaskDispatcher with 32 workers.
 -> (artifact id: '516ec5bb147f8c13196eba2310da26b8') in 0.001886 seconds
Number of updated asset objects reloaded before import = 0
Number of asset objects unloaded after import = 0
========================================================================
Received Import Request.
  Time since last request: 0.048904 seconds.
  path: Assets/Samples/XR Interaction Toolkit/3.0.3/Starter Assets/Prefabs/Controllers/XR Controller Left.prefab
  artifactKey: Guid(1392f805216c47742996d4742c80721c) Importer(815301076,1909f56bfc062723c751e8b465ee728b)
Start importing Assets/Samples/XR Interaction Toolkit/3.0.3/Starter Assets/Prefabs/Controllers/XR Controller Left.prefab using Guid(1392f805216c47742996d4742c80721c) Importer(815301076,1909f56bfc062723c751e8b465ee728b) [PhysX] Initialized MultithreadedTaskDispatcher with 32 workers.
[PhysX] Initialized MultithreadedTaskDispatcher with 32 workers.
 -> (artifact id: '96f137d8a0c0b87535e176a05b5aa90a') in 0.190901 seconds
Number of updated asset objects reloaded before import = 0
Number of asset objects unloaded after import = 80
========================================================================
Received Import Request.
  Time since last request: 99.040170 seconds.
  path: Assets/Samples/XR Interaction Toolkit/3.0.3/Hands Interaction Demo
  artifactKey: Guid(e92ed1bbd9d5da94c84ce2ce55f82a8e) Importer(815301076,1909f56bfc062723c751e8b465ee728b)
Start importing Assets/Samples/XR Interaction Toolkit/3.0.3/Hands Interaction Demo using Guid(e92ed1bbd9d5da94c84ce2ce55f82a8e) Importer(815301076,1909f56bfc062723c751e8b465ee728b) [PhysX] Initialized MultithreadedTaskDispatcher with 32 workers.
 -> (artifact id: '0bf1f4e8233a04c14773f3e8141e1c7d') in 0.001042 seconds
Number of updated asset objects reloaded before import = 0
Number of asset objects unloaded after import = 0
========================================================================
Received Prepare
Caller must complete domain reload
Begin MonoManager ReloadAssembly
Symbol file LoadedFromMemory is not a mono symbol file
- Loaded All Assemblies, in  0.534 seconds
Native extension for WindowsStandalone target not found
Native extension for Android target not found
Native extension for WebGL target not found
[Package Manager] Server::EnsureServerProcessIsRunning -- launch failed, reason: Unity was launched with the -noUpm command-line argument
[Package Manager] UpmClient::Send -- Unable to send message (not connected to UPM process).
[Package Manager] Cannot connect to Unity Package Manager local server
[Package Manager] Server::EnsureServerProcessIsRunning -- launch failed, reason: Unity was launched with the -noUpm command-line argument
[Package Manager] UpmClient::Send -- Unable to send message (not connected to UPM process).
[Package Manager] Cannot connect to Unity Package Manager local server
[Package Manager] Server::EnsureServerProcessIsRunning -- launch failed, reason: Unity was launched with the -noUpm command-line argument
[Package Manager] UpmClient::Send -- Unable to send message (not connected to UPM process).
[Package Manager] Cannot connect to Unity Package Manager local server
System.NullReferenceException: Object reference not set to an instance of an object
  at UnityEngine.XR.Interaction.Toolkit.Samples.StarterAssets.RenderPipelineValidation..cctor () [0x0000d] in C:\Dima\Projects\vr-template\VRTemp\Assets\Samples\XR Interaction Toolkit\3.0.3\Starter Assets\Scripts\MaterialPipelineHandler.cs:16 
UnityEngine.StackTraceUtility:ExtractStackTrace ()
UnityEngine.DebugLogHandler:LogFormat (UnityEngine.LogType,UnityEngine.Object,string,object[])
UnityEngine.Logger:Log (UnityEngine.LogType,object)
UnityEngine.Debug:LogError (object)
UnityEditor.EditorAssemblies:ProcessInitializeOnLoadAttributes (System.Type[])

System.Reflection.TargetInvocationException: Exception has been thrown by the target of an invocation. ---> System.NullReferenceException: Object reference not set to an instance of an object
  at Unity.XR.Oculus.OculusLoader.AssetPathToAbsolutePath (System.String assetPath) [0x0003d] in .\Library\PackageCache\com.unity.xr.oculus@4.2.0\Runtime\OculusLoader.cs:298 
  at Unity.XR.Oculus.OculusLoader.EditorLoadOVRPlugin () [0x0008c] in .\Library\PackageCache\com.unity.xr.oculus@4.2.0\Runtime\OculusLoader.cs:283 
  at (wrapper managed-to-native) System.Reflection.RuntimeMethodInfo.InternalInvoke(System.Reflection.RuntimeMethodInfo,object,object[],System.Exception&)
  at System.Reflection.RuntimeMethodInfo.Invoke (System.Object obj, System.Reflection.BindingFlags invokeAttr, System.Reflection.Binder binder, System.Object[] parameters, System.Globalization.CultureInfo culture) [0x0006a] in <8ce0bd04a7a04b4b9395538239d3fdd8>:0 
   --- End of inner exception stack trace ---
  at System.Reflection.RuntimeMethodInfo.Invoke (System.Object obj, System.Reflection.BindingFlags invokeAttr, System.Reflection.Binder binder, System.Object[] parameters, System.Globalization.CultureInfo culture) [0x00083] in <8ce0bd04a7a04b4b9395538239d3fdd8>:0 
  at System.Reflection.MethodBase.Invoke (System.Object obj, System.Object[] parameters) [0x00000] in <8ce0bd04a7a04b4b9395538239d3fdd8>:0 
  at UnityEditor.EditorAssemblies.ProcessInitializeOnLoadMethodAttributes () [0x000a5] in <291e350a1994482698fa28b09c0523cf>:0 
UnityEngine.StackTraceUtility:ExtractStackTrace ()
UnityEngine.DebugLogHandler:LogFormat (UnityEngine.LogType,UnityEngine.Object,string,object[])
UnityEngine.Logger:Log (UnityEngine.LogType,object)
UnityEngine.Debug:LogError (object)
UnityEditor.EditorAssemblies:ProcessInitializeOnLoadMethodAttributes ()

Mono: successfully reloaded assembly
[Package Manager] Server::EnsureServerProcessIsRunning -- launch failed, reason: Unity was launched with the -noUpm command-line argument
[Package Manager] UpmClient::Send -- Unable to send message (not connected to UPM process).
[Package Manager] Cannot connect to Unity Package Manager local server
- Finished resetting the current domain, in  2.415 seconds
Domain Reload Profiling: 2943ms
	BeginReloadAssembly (206ms)
		ExecutionOrderSort (0ms)
		DisableScriptedObjects (6ms)
		BackupInstance (0ms)
		ReleaseScriptingObjects (0ms)
		CreateAndSetChildDomain (110ms)
	RebuildCommonClasses (19ms)
	RebuildNativeTypeToScriptingClass (6ms)
	initialDomainReloadingComplete (21ms)
	LoadAllAssembliesAndSetupDomain (274ms)
		LoadAssemblies (285ms)
		RebuildTransferFunctionScriptingTraits (0ms)
		AnalyzeDomain (47ms)
			TypeCache.Refresh (10ms)
				TypeCache.ScanAssembly (1ms)
			ScanForSourceGeneratedMonoScriptInfo (23ms)
			ResolveRequiredComponents (13ms)
	FinalizeReload (2416ms)
		ReleaseScriptCaches (0ms)
		RebuildScriptCaches (0ms)
		SetupLoadedEditorAssemblies (1815ms)
			LogAssemblyErrors (0ms)
			InitializePlatformSupportModulesInManaged (17ms)
			SetLoadedEditorAssemblies (4ms)
			RefreshPlugins (0ms)
			BeforeProcessingInitializeOnLoad (91ms)
			ProcessInitializeOnLoadAttributes (1618ms)
			ProcessInitializeOnLoadMethodAttributes (77ms)
			AfterProcessingInitializeOnLoad (7ms)
			EditorAssembliesLoaded (0ms)
		ExecutionOrderSort2 (0ms)
		AwakeInstancesAfterBackupRestoration (10ms)
Shader 'Oculus/OVRMRCameraFrameLit': fallback shader 'Alpha-Diffuse' not found
Shader 'Meta/MRUK/Scene/HighlightsAndShadows': fallback shader 'Off' not found
Refreshing native plugins compatible for Editor in 16.23 ms, found 17 plugins.
Preloading 3 native plugins for Editor in 0.11 ms.
Unloading 8505 Unused Serialized files (Serialized files now loaded: 0)
Unloading 154 unused Assets / (2.2 MB). Loaded Objects now: 9151.
Memory consumption went from 303.8 MB to 301.6 MB.
Total: 4.616900 ms (FindLiveObjects: 0.319000 ms CreateObjectMapping: 0.156800 ms MarkObjects: 3.478900 ms  DeleteObjects: 0.661500 ms)

Prepare: number of updated asset objects reloaded= 0
AssetImportParameters requested are different than current active one (requested -> active):
  custom:container-demuxer-ogg: 62fdf1f143b41e24485cea50d1cbac27 -> 
  custom:scripting/monoscript/fileName/HandsOneEuroFilterPostProcessor.cs: 0e0236ff7fe8040e674426d674acdd18 -> 
  custom:scripting/monoscript/fileName/TransformSync.cs: 049929db97053c9197a12eaf9903daef -> 
  custom:scripting/precompiled-assembly-types:Unity.XR.Interaction.Toolkit.Samples.Hands: e212b6ded7d7cfb236b2d3b16b5c45ef -> 
  custom:framework-win-MediaFoundation: 216162199b28c13a410421893ffa2e32 -> 
  custom:scripting/monoscript/fileName/LocalPositionOffsetAffordanceReceiver.cs: ee410b0df85b670ed6bff48ce74d979f -> 
  custom:scripting/monoscript/fileName/ObjectResetPlane.cs: f54d0c309568b6906fff2440030e31c5 -> 
  custom:scripting/monoscript/fileName/Vector3ScaleAffordanceReceiver.cs: 5c4b4e9a33bfb92f4f9a611034b39e40 -> 
  custom:container-muxer-webm: aa71ff27fc2769a1b78a27578f13a17b -> 
  custom:video-decoder-webm-vp8: 9c59270c3fd7afecdb556c50c9e8de78 -> 
  custom:SearchIndexIgnoredProperties: e643bd26f0fe6173181afceb89e7c659 -> 
  custom:AudioImporter_EditorPlatform: d09bf68614088b80899f8185d706f6e7 -> 
  custom:scripting/monoscript/fileName/ToggleGraphicToggler.cs: 51d9373d40da270f48bbe8728ba95a62 -> 
  custom:scripting/monoscript/fileName/PokeGestureDetector.cs: 8ed8109023808b7e418a51d11ee41c1f -> 
  custom:scripting/monoscript/fileName/ValueDerivedButtonReader.cs: b9368aeacd9357cc3cd98f39205dde61 -> 
  custom:scripting/monoscript/fileName/HandsInteractionSampleProjectValidation.cs: a38e27c4e530b47289ec3c8e37be180e -> 
  custom:audio-decoder-ogg-vorbis: bf7c407c2cedff20999df2af8eb42d56 -> 
  custom:scripting/monoscript/fileName/ToggleGameObject.cs: 8e20a01cae91ebd6847aad4a53cd9194 -> 
  custom:audio-encoder-webm-vorbis: bf7c407c2cedff20999df2af8eb42d56 -> 
  custom:scripting/monoscript/fileName/OneEuroFilterVector3.cs: b8b59453576fa25eef8ddddb6609971f -> 
  custom:video-codec-MediaFoundation-h265: 746d11721c4dcdbdad8f713fa42b33f4 -> 
  custom:video-decoder-ogg-theora: a1e56fd34408186e4bbccfd4996cb3dc -> 
  custom:scripting/monoscript/fileName/MetaSystemGestureDetector.cs: 21cabc53388d664323f35f44716fdb3c -> 
  custom:CustomObjectIndexerAttribute: 72b91833f83ae208fae7752999fa3104 -> 
  custom:container-demuxer-webm: 4f35f7cbe854078d1ac9338744f61a02 -> 
  custom:scripting/precompiled-assembly-types:Unity.XR.Interaction.Toolkit.Samples.Hands.Editor: ace5fec3642dc3ab7f30ebf48424acec -> 
  custom:scripting/monoscript/fileName/PokeBlendShapeAnimator.cs: 7a3545cedc2f876a561572ace5313708 -> 
  custom:scripting/monoscript/fileName/PinchPointFollow.cs: 5c16ba0863e500f5940201793d070331 -> 
  custom:scripting/monoscript/fileName/HideObjectWhenInteractorBlocked.cs: 9881e2014a818366c7666dae36e88286 -> 
  custom:video-encoder-webm-vp8: eb34c28f22e8b96e1ab97ce403110664 -> 
========================================================================
Received Prepare
Caller must complete domain reload
Begin MonoManager ReloadAssembly
Symbol file LoadedFromMemory is not a mono symbol file
- Loaded All Assemblies, in  0.514 seconds
Native extension for WindowsStandalone target not found
Native extension for Android target not found
Native extension for WebGL target not found
[Package Manager] Server::EnsureServerProcessIsRunning -- launch failed, reason: Unity was launched with the -noUpm command-line argument
[Package Manager] UpmClient::Send -- Unable to send message (not connected to UPM process).
[Package Manager] Cannot connect to Unity Package Manager local server
[Package Manager] Server::EnsureServerProcessIsRunning -- launch failed, reason: Unity was launched with the -noUpm command-line argument
[Package Manager] UpmClient::Send -- Unable to send message (not connected to UPM process).
[Package Manager] Cannot connect to Unity Package Manager local server
[Package Manager] Server::EnsureServerProcessIsRunning -- launch failed, reason: Unity was launched with the -noUpm command-line argument
[Package Manager] UpmClient::Send -- Unable to send message (not connected to UPM process).
[Package Manager] Cannot connect to Unity Package Manager local server
System.NullReferenceException: Object reference not set to an instance of an object
  at UnityEngine.XR.Interaction.Toolkit.Samples.StarterAssets.RenderPipelineValidation..cctor () [0x0000d] in C:\Dima\Projects\vr-template\VRTemp\Assets\Samples\XR Interaction Toolkit\3.0.3\Starter Assets\Scripts\MaterialPipelineHandler.cs:16 
UnityEngine.StackTraceUtility:ExtractStackTrace ()
UnityEngine.DebugLogHandler:LogFormat (UnityEngine.LogType,UnityEngine.Object,string,object[])
UnityEngine.Logger:Log (UnityEngine.LogType,object)
UnityEngine.Debug:LogError (object)
UnityEditor.EditorAssemblies:ProcessInitializeOnLoadAttributes (System.Type[])

System.Reflection.TargetInvocationException: Exception has been thrown by the target of an invocation. ---> System.NullReferenceException: Object reference not set to an instance of an object
  at Unity.XR.Oculus.OculusLoader.AssetPathToAbsolutePath (System.String assetPath) [0x0003d] in .\Library\PackageCache\com.unity.xr.oculus@4.2.0\Runtime\OculusLoader.cs:298 
  at Unity.XR.Oculus.OculusLoader.EditorLoadOVRPlugin () [0x0008c] in .\Library\PackageCache\com.unity.xr.oculus@4.2.0\Runtime\OculusLoader.cs:283 
  at (wrapper managed-to-native) System.Reflection.RuntimeMethodInfo.InternalInvoke(System.Reflection.RuntimeMethodInfo,object,object[],System.Exception&)
  at System.Reflection.RuntimeMethodInfo.Invoke (System.Object obj, System.Reflection.BindingFlags invokeAttr, System.Reflection.Binder binder, System.Object[] parameters, System.Globalization.CultureInfo culture) [0x0006a] in <8ce0bd04a7a04b4b9395538239d3fdd8>:0 
   --- End of inner exception stack trace ---
  at System.Reflection.RuntimeMethodInfo.Invoke (System.Object obj, System.Reflection.BindingFlags invokeAttr, System.Reflection.Binder binder, System.Object[] parameters, System.Globalization.CultureInfo culture) [0x00083] in <8ce0bd04a7a04b4b9395538239d3fdd8>:0 
  at System.Reflection.MethodBase.Invoke (System.Object obj, System.Object[] parameters) [0x00000] in <8ce0bd04a7a04b4b9395538239d3fdd8>:0 
  at UnityEditor.EditorAssemblies.ProcessInitializeOnLoadMethodAttributes () [0x000a5] in <291e350a1994482698fa28b09c0523cf>:0 
UnityEngine.StackTraceUtility:ExtractStackTrace ()
UnityEngine.DebugLogHandler:LogFormat (UnityEngine.LogType,UnityEngine.Object,string,object[])
UnityEngine.Logger:Log (UnityEngine.LogType,object)
UnityEngine.Debug:LogError (object)
UnityEditor.EditorAssemblies:ProcessInitializeOnLoadMethodAttributes ()

Mono: successfully reloaded assembly
[Package Manager] Server::EnsureServerProcessIsRunning -- launch failed, reason: Unity was launched with the -noUpm command-line argument
[Package Manager] UpmClient::Send -- Unable to send message (not connected to UPM process).
[Package Manager] Cannot connect to Unity Package Manager local server
- Finished resetting the current domain, in  2.481 seconds
Domain Reload Profiling: 2989ms
	BeginReloadAssembly (184ms)
		ExecutionOrderSort (0ms)
		DisableScriptedObjects (2ms)
		BackupInstance (0ms)
		ReleaseScriptingObjects (0ms)
		CreateAndSetChildDomain (91ms)
	RebuildCommonClasses (22ms)
	RebuildNativeTypeToScriptingClass (7ms)
	initialDomainReloadingComplete (22ms)
	LoadAllAssembliesAndSetupDomain (273ms)
		LoadAssemblies (280ms)
		RebuildTransferFunctionScriptingTraits (0ms)
		AnalyzeDomain (52ms)
			TypeCache.Refresh (17ms)
				TypeCache.ScanAssembly (7ms)
			ScanForSourceGeneratedMonoScriptInfo (20ms)
			ResolveRequiredComponents (13ms)
	FinalizeReload (2481ms)
		ReleaseScriptCaches (0ms)
		RebuildScriptCaches (0ms)
		SetupLoadedEditorAssemblies (1813ms)
			LogAssemblyErrors (0ms)
			InitializePlatformSupportModulesInManaged (19ms)
			SetLoadedEditorAssemblies (4ms)
			RefreshPlugins (0ms)
			BeforeProcessingInitializeOnLoad (92ms)
			ProcessInitializeOnLoadAttributes (1614ms)
			ProcessInitializeOnLoadMethodAttributes (78ms)
			AfterProcessingInitializeOnLoad (7ms)
			EditorAssembliesLoaded (0ms)
		ExecutionOrderSort2 (0ms)
		AwakeInstancesAfterBackupRestoration (10ms)
Shader 'Oculus/OVRMRCameraFrameLit': fallback shader 'Alpha-Diffuse' not found
Shader 'Meta/MRUK/Scene/HighlightsAndShadows': fallback shader 'Off' not found
Refreshing native plugins compatible for Editor in 20.04 ms, found 18 plugins.
Preloading 3 native plugins for Editor in 0.11 ms.
Unloading 8552 Unused Serialized files (Serialized files now loaded: 0)
Unloading 160 unused Assets / (2.2 MB). Loaded Objects now: 9198.
Memory consumption went from 281.9 MB to 279.7 MB.
Total: 4.656400 ms (FindLiveObjects: 0.318000 ms CreateObjectMapping: 0.149900 ms MarkObjects: 3.488700 ms  DeleteObjects: 0.698900 ms)

Prepare: number of updated asset objects reloaded= 65
AssetImportParameters requested are different than current active one (requested -> active):
  custom:container-demuxer-ogg: 62fdf1f143b41e24485cea50d1cbac27 -> 
  custom:scripting/monoscript/fileName/HandsOneEuroFilterPostProcessor.cs: 0e0236ff7fe8040e674426d674acdd18 -> 
  custom:scripting/monoscript/fileName/IXRHandProcessor.cs: 4b007234d59c720c71a162c8aecc7e8b -> 
  custom:scripting/monoscript/fileName/XRHandTrackingEventsEditor.cs: 457813090f21a949828c4debe70cdb9a -> 
  custom:scripting/monoscript/fileName/XRHandMeshController.cs: 3bb5a4f8745ff5e091f329133fdd04cc -> 
  custom:scripting/monoscript/fileName/TransformSync.cs: 049929db97053c9197a12eaf9903daef -> 
  custom:scripting/precompiled-assembly-types:Unity.XR.Interaction.Toolkit.Samples.Hands: e212b6ded7d7cfb236b2d3b16b5c45ef -> 
  custom:framework-win-MediaFoundation: 216162199b28c13a410421893ffa2e32 -> 
  custom:scripting/monoscript/fileName/XRHandTrackingEvents.cs: e7098a4b48df68ed2c13428b82f2ab35 -> 
  custom:scripting/monoscript/fileName/MetaHandTrackingAim.deprecated.cs: 0cdf409b5aa8d4c25876d72b5c6a3b60 -> 
  custom:scripting/monoscript/fileName/LocalPositionOffsetAffordanceReceiver.cs: ee410b0df85b670ed6bff48ce74d979f -> 
  custom:scripting/monoscript/fileName/MetaAim.cs: 3fee3cb2a2deaca4b4454ffabc6c25d0 -> 
  custom:scripting/monoscript/fileName/ObjectResetPlane.cs: f54d0c309568b6906fff2440030e31c5 -> 
  custom:scripting/monoscript/fileName/XRHandProviderUtility.cs: ada01f841a5bea721f0cf2006d549c0f -> 
  custom:scripting/monoscript/fileName/XRFingerShapeCondition.cs: 9f8a77e7e214750aef105ac235d709cf -> 
  custom:scripting/monoscript/fileName/Vector3ScaleAffordanceReceiver.cs: 5c4b4e9a33bfb92f4f9a611034b39e40 -> 
  custom:container-muxer-webm: aa71ff27fc2769a1b78a27578f13a17b -> 
  custom:video-decoder-webm-vp8: 9c59270c3fd7afecdb556c50c9e8de78 -> 
  custom:scripting/monoscript/fileName/XRHandProviderUtility.deprecated.cs: 3b131c4273bf0804850beca6c4cbfe0d -> 
  custom:SearchIndexIgnoredProperties: e643bd26f0fe6173181afceb89e7c659 -> 
  custom:AudioImporter_EditorPlatform: d09bf68614088b80899f8185d706f6e7 -> 
  custom:scripting/monoscript/fileName/XRHandProcessingUtility.cs: 1f1cc37d4d6243e68655bb128961b59a -> 
  custom:scripting/monoscript/fileName/ToggleGraphicToggler.cs: 51d9373d40da270f48bbe8728ba95a62 -> 
  custom:scripting/monoscript/fileName/XRFingerShape.cs: c41aee5172ccf6470e4cd8ae53066d4a -> 
  custom:scripting/monoscript/fileName/XRHandOrientationUtility.cs: 4b0f927202509c86d7a78fa17299a608 -> 
  custom:scripting/monoscript/fileName/XRHandShape.cs: 19dfc75c596738b72d119327f3916a15 -> 
  custom:scripting/monoscript/fileName/XRHandPose.cs: 27ef765d76950ebe336c7873605587f6 -> 
  custom:scripting/monoscript/fileName/PokeGestureDetector.cs: 8ed8109023808b7e418a51d11ee41c1f -> 
  custom:scripting/precompiled-assembly-types:Unity.XR.Hands.Editor: 139cd99e105bc66fede7b2d49aa623c5 -> 
  custom:scripting/monoscript/fileName/XRHandJoint.cs: 0c41b91f75c823c214b6b2570f979c1b -> 
  custom:scripting/monoscript/fileName/ValueDerivedButtonReader.cs: b9368aeacd9357cc3cd98f39205dde61 -> 
  custom:scripting/monoscript/fileName/HandsInteractionSampleProjectValidation.cs: a38e27c4e530b47289ec3c8e37be180e -> 
  custom:audio-decoder-ogg-vorbis: bf7c407c2cedff20999df2af8eb42d56 -> 
  custom:scripting/monoscript/fileName/XRHelpURLConstants.cs: 98df96a8d7c753553b3cf6b4316c07b9 -> 7a5beb455c744c93847a166db6e29e55
  custom:scripting/monoscript/fileName/ToggleGameObject.cs: 8e20a01cae91ebd6847aad4a53cd9194 -> 
  custom:scripting/monoscript/fileName/Enums.cs: f57a8de2bbdce64e12a5f7fbc7fbbde3 -> 
  custom:scripting/monoscript/fileName/MetaHandTrackingAim.cs: f1c82071354fa27a1024cbbcf64f695b -> 
  custom:scripting/precompiled-assembly-types:Unity.XR.Interaction.Toolkit: 54dacb94cfa6958b8900372fde9e550b -> 73fa42c28510bdf2cc8b5f0fa60a8220
  custom:audio-encoder-webm-vorbis: bf7c407c2cedff20999df2af8eb42d56 -> 
  custom:scripting/monoscript/fileName/HandTracking.cs: 1400cbb723f62f8ddaf3314a0a462444 -> 
  custom:scripting/monoscript/fileName/XRHandSubsystemDescriptor.cs: 8fc8308b83c351d004f1cdc61ac89877 -> 
  custom:scripting/monoscript/fileName/XRHandSkeletonDriverEditor.cs: caf0e24f344854b7cc27ca3319d7777b -> 
  custom:scripting/monoscript/fileName/OneEuroFilterVector3.cs: b8b59453576fa25eef8ddddb6609971f -> 
  custom:scripting/monoscript/fileName/XRHandSubsystem.cs: cce6a52f7ecfbaa3b1c83aac0e79f949 -> 
  custom:video-codec-MediaFoundation-h265: 746d11721c4dcdbdad8f713fa42b33f4 -> 
  custom:video-decoder-ogg-theora: a1e56fd34408186e4bbccfd4996cb3dc -> 
  custom:scripting/monoscript/fileName/BaseXRHandsEditor.cs: a8d271c6e691cdaad1d19054786feae9 -> 
  custom:scripting/monoscript/fileName/XRHandSkeletonDriver.cs: a94537efa9fbd44b583cc72c547f79b6 -> 
  custom:scripting/precompiled-assembly-types:Unity.XR.Hands: 579a6ccf50731e54ec50527a7c1268aa -> 
  custom:scripting/monoscript/fileName/MetaSystemGestureDetector.cs: 21cabc53388d664323f35f44716fdb3c -> 
  custom:scripting/monoscript/fileName/XRHandRelativeOrientation.cs: d8845917353218514ff113600da2219a -> 
  custom:CustomObjectIndexerAttribute: 72b91833f83ae208fae7752999fa3104 -> 
  custom:scripting/monoscript/fileName/XRHandSubsystemProvider.cs: 56e861151abf40d6bce328a415ffdad5 -> 
  custom:container-demuxer-webm: 4f35f7cbe854078d1ac9338744f61a02 -> 
  custom:scripting/monoscript/fileName/XRDeviceSimulatorHandsSubsystem.cs: 3e5716ae4db9edc623310fee0f2d15aa -> 
  custom:scripting/precompiled-assembly-types:Unity.XR.Interaction.Toolkit.Samples.Hands.Editor: ace5fec3642dc3ab7f30ebf48424acec -> 
  custom:scripting/monoscript/fileName/XRHandSkeletonDriverUtility.cs: 361dff05ffecd6a6307e1658d5105f6f -> 
  custom:scripting/monoscript/fileName/PokeBlendShapeAnimator.cs: 7a3545cedc2f876a561572ace5313708 -> 
  custom:scripting/monoscript/fileName/PinchPointFollow.cs: 5c16ba0863e500f5940201793d070331 -> 
  custom:scripting/monoscript/fileName/XRHandDevice.cs: cacb17c4f08d3e689d973730f12b2fe5 -> 
  custom:scripting/monoscript/fileName/XRFingerShapeConfiguration.cs: 51cebcc1a7a721478f666b57ed597bfe -> 
  custom:scripting/monoscript/fileName/XRHandJointsUpdatedEventArgs.cs: 839a1abe88068fde13fc7e5db800cc94 -> 
  custom:scripting/monoscript/fileName/XRDeviceSimulatorHandsProvider.cs: 515172af02348bc81fcfb3007105b4d2 -> 
  custom:scripting/monoscript/fileName/HideObjectWhenInteractorBlocked.cs: 9881e2014a818366c7666dae36e88286 -> 
  custom:video-encoder-webm-vp8: eb34c28f22e8b96e1ab97ce403110664 -> 
  custom:scripting/monoscript/fileName/XRHand.cs: 975d9bc94476df585047a2b43a591f0c -> 
  custom:scripting/monoscript/fileName/ModifyAndroidManifest.cs: bee6ef0afd024007d5a593cae1b1ae4f -> 
  custom:scripting/monoscript/fileName/XRFingerShapeMath.cs: 788f9ea907cd4861b225ea55dfae8dc5 -> 
  custom:scripting/monoscript/fileName/OpenXRHandProvider.cs: 9457f590fd417c77475de530d3a65878 -> 
  custom:scripting/monoscript/fileName/XRHandSubsystem.deprecated.cs: cce6a52f7ecfbaa3b1c83aac0e79f949 -> 
  custom:scripting/monoscript/fileName/MetaAim.deprecated.cs: 3fee3cb2a2deaca4b4454ffabc6c25d0 -> 
========================================================================
Received Prepare
Caller must complete domain reload
Begin MonoManager ReloadAssembly
Symbol file LoadedFromMemory is not a mono symbol file
- Loaded All Assemblies, in  0.515 seconds
Native extension for WindowsStandalone target not found
Native extension for Android target not found
Native extension for WebGL target not found
[Package Manager] Server::EnsureServerProcessIsRunning -- launch failed, reason: Unity was launched with the -noUpm command-line argument
[Package Manager] UpmClient::Send -- Unable to send message (not connected to UPM process).
[Package Manager] Cannot connect to Unity Package Manager local server
[Package Manager] Server::EnsureServerProcessIsRunning -- launch failed, reason: Unity was launched with the -noUpm command-line argument
[Package Manager] UpmClient::Send -- Unable to send message (not connected to UPM process).
[Package Manager] Cannot connect to Unity Package Manager local server
[Package Manager] Server::EnsureServerProcessIsRunning -- launch failed, reason: Unity was launched with the -noUpm command-line argument
[Package Manager] UpmClient::Send -- Unable to send message (not connected to UPM process).
[Package Manager] Cannot connect to Unity Package Manager local server
System.NullReferenceException: Object reference not set to an instance of an object
  at UnityEngine.XR.Interaction.Toolkit.Samples.StarterAssets.RenderPipelineValidation..cctor () [0x0000d] in C:\Dima\Projects\vr-template\VRTemp\Assets\Samples\XR Interaction Toolkit\3.0.3\Starter Assets\Scripts\MaterialPipelineHandler.cs:16 
UnityEngine.StackTraceUtility:ExtractStackTrace ()
UnityEngine.DebugLogHandler:LogFormat (UnityEngine.LogType,UnityEngine.Object,string,object[])
UnityEngine.Logger:Log (UnityEngine.LogType,object)
UnityEngine.Debug:LogError (object)
UnityEditor.EditorAssemblies:ProcessInitializeOnLoadAttributes (System.Type[])

System.Reflection.TargetInvocationException: Exception has been thrown by the target of an invocation. ---> System.NullReferenceException: Object reference not set to an instance of an object
  at Unity.XR.Oculus.OculusLoader.AssetPathToAbsolutePath (System.String assetPath) [0x0003d] in .\Library\PackageCache\com.unity.xr.oculus@4.2.0\Runtime\OculusLoader.cs:298 
  at Unity.XR.Oculus.OculusLoader.EditorLoadOVRPlugin () [0x0008c] in .\Library\PackageCache\com.unity.xr.oculus@4.2.0\Runtime\OculusLoader.cs:283 
  at (wrapper managed-to-native) System.Reflection.RuntimeMethodInfo.InternalInvoke(System.Reflection.RuntimeMethodInfo,object,object[],System.Exception&)
  at System.Reflection.RuntimeMethodInfo.Invoke (System.Object obj, System.Reflection.BindingFlags invokeAttr, System.Reflection.Binder binder, System.Object[] parameters, System.Globalization.CultureInfo culture) [0x0006a] in <8ce0bd04a7a04b4b9395538239d3fdd8>:0 
   --- End of inner exception stack trace ---
  at System.Reflection.RuntimeMethodInfo.Invoke (System.Object obj, System.Reflection.BindingFlags invokeAttr, System.Reflection.Binder binder, System.Object[] parameters, System.Globalization.CultureInfo culture) [0x00083] in <8ce0bd04a7a04b4b9395538239d3fdd8>:0 
  at System.Reflection.MethodBase.Invoke (System.Object obj, System.Object[] parameters) [0x00000] in <8ce0bd04a7a04b4b9395538239d3fdd8>:0 
  at UnityEditor.EditorAssemblies.ProcessInitializeOnLoadMethodAttributes () [0x000a5] in <291e350a1994482698fa28b09c0523cf>:0 
UnityEngine.StackTraceUtility:ExtractStackTrace ()
UnityEngine.DebugLogHandler:LogFormat (UnityEngine.LogType,UnityEngine.Object,string,object[])
UnityEngine.Logger:Log (UnityEngine.LogType,object)
UnityEngine.Debug:LogError (object)
UnityEditor.EditorAssemblies:ProcessInitializeOnLoadMethodAttributes ()

Mono: successfully reloaded assembly
[Package Manager] Server::EnsureServerProcessIsRunning -- launch failed, reason: Unity was launched with the -noUpm command-line argument
[Package Manager] UpmClient::Send -- Unable to send message (not connected to UPM process).
[Package Manager] Cannot connect to Unity Package Manager local server
- Finished resetting the current domain, in  2.407 seconds
Domain Reload Profiling: 2916ms
	BeginReloadAssembly (186ms)
		ExecutionOrderSort (0ms)
		DisableScriptedObjects (2ms)
		BackupInstance (0ms)
		ReleaseScriptingObjects (0ms)
		CreateAndSetChildDomain (88ms)
	RebuildCommonClasses (20ms)
	RebuildNativeTypeToScriptingClass (11ms)
	initialDomainReloadingComplete (23ms)
	LoadAllAssembliesAndSetupDomain (268ms)
		LoadAssemblies (277ms)
		RebuildTransferFunctionScriptingTraits (0ms)
		AnalyzeDomain (49ms)
			TypeCache.Refresh (11ms)
				TypeCache.ScanAssembly (1ms)
			ScanForSourceGeneratedMonoScriptInfo (23ms)
			ResolveRequiredComponents (13ms)
	FinalizeReload (2408ms)
		ReleaseScriptCaches (0ms)
		RebuildScriptCaches (0ms)
		SetupLoadedEditorAssemblies (1794ms)
			LogAssemblyErrors (0ms)
			InitializePlatformSupportModulesInManaged (18ms)
			SetLoadedEditorAssemblies (4ms)
			RefreshPlugins (0ms)
			BeforeProcessingInitializeOnLoad (92ms)
			ProcessInitializeOnLoadAttributes (1591ms)
			ProcessInitializeOnLoadMethodAttributes (80ms)
			AfterProcessingInitializeOnLoad (7ms)
			EditorAssembliesLoaded (0ms)
		ExecutionOrderSort2 (0ms)
		AwakeInstancesAfterBackupRestoration (11ms)
Shader 'Oculus/OVRMRCameraFrameLit': fallback shader 'Alpha-Diffuse' not found
Shader 'Meta/MRUK/Scene/HighlightsAndShadows': fallback shader 'Off' not found
Refreshing native plugins compatible for Editor in 19.89 ms, found 18 plugins.
Preloading 3 native plugins for Editor in 0.12 ms.
Unloading 8554 Unused Serialized files (Serialized files now loaded: 0)
Unloading 160 unused Assets / (2.2 MB). Loaded Objects now: 9209.
Memory consumption went from 282.0 MB to 279.8 MB.
Total: 4.325600 ms (FindLiveObjects: 0.335300 ms CreateObjectMapping: 0.141800 ms MarkObjects: 3.181300 ms  DeleteObjects: 0.666400 ms)

Prepare: number of updated asset objects reloaded= 0
AssetImportParameters requested are different than current active one (requested -> active):
  custom:container-demuxer-ogg: 62fdf1f143b41e24485cea50d1cbac27 -> 
  custom:scripting/monoscript/fileName/HandsOneEuroFilterPostProcessor.cs: 0e0236ff7fe8040e674426d674acdd18 -> 
  custom:scripting/monoscript/fileName/IXRHandProcessor.cs: 4b007234d59c720c71a162c8aecc7e8b -> 
  custom:scripting/monoscript/fileName/XRHandTrackingEventsEditor.cs: 457813090f21a949828c4debe70cdb9a -> 
  custom:scripting/monoscript/fileName/XRHandMeshController.cs: 3bb5a4f8745ff5e091f329133fdd04cc -> 
  custom:scripting/monoscript/fileName/TransformSync.cs: 049929db97053c9197a12eaf9903daef -> 
  custom:scripting/monoscript/fileName/HandVisualizer.cs: 8c2309b1039b437800fa0aa153373d04 -> 
  custom:scripting/precompiled-assembly-types:Unity.XR.Interaction.Toolkit.Samples.Hands: e212b6ded7d7cfb236b2d3b16b5c45ef -> 
  custom:framework-win-MediaFoundation: 216162199b28c13a410421893ffa2e32 -> 
  custom:scripting/monoscript/fileName/XRHandTrackingEvents.cs: e7098a4b48df68ed2c13428b82f2ab35 -> 
  custom:scripting/monoscript/fileName/MetaHandTrackingAim.deprecated.cs: 0cdf409b5aa8d4c25876d72b5c6a3b60 -> 
  custom:scripting/monoscript/fileName/LocalPositionOffsetAffordanceReceiver.cs: ee410b0df85b670ed6bff48ce74d979f -> 
  custom:scripting/monoscript/fileName/MetaAim.cs: 3fee3cb2a2deaca4b4454ffabc6c25d0 -> 
  custom:scripting/monoscript/fileName/ObjectResetPlane.cs: f54d0c309568b6906fff2440030e31c5 -> 
  custom:scripting/monoscript/fileName/XRHandProviderUtility.cs: ada01f841a5bea721f0cf2006d549c0f -> 
  custom:scripting/monoscript/fileName/XRFingerShapeCondition.cs: 9f8a77e7e214750aef105ac235d709cf -> 
  custom:scripting/monoscript/fileName/Vector3ScaleAffordanceReceiver.cs: 5c4b4e9a33bfb92f4f9a611034b39e40 -> 
  custom:container-muxer-webm: aa71ff27fc2769a1b78a27578f13a17b -> 
  custom:video-decoder-webm-vp8: 9c59270c3fd7afecdb556c50c9e8de78 -> 
  custom:scripting/monoscript/fileName/XRHandProviderUtility.deprecated.cs: 3b131c4273bf0804850beca6c4cbfe0d -> 
  custom:SearchIndexIgnoredProperties: e643bd26f0fe6173181afceb89e7c659 -> 
  custom:scripting/precompiled-assembly-types:Unity.XR.Hands.Samples.VisualizerSample: 1659e789cc967a6f2f26700fbd82b930 -> 
  custom:AudioImporter_EditorPlatform: d09bf68614088b80899f8185d706f6e7 -> 
  custom:scripting/monoscript/fileName/XRHandProcessingUtility.cs: 1f1cc37d4d6243e68655bb128961b59a -> 
  custom:scripting/monoscript/fileName/ToggleGraphicToggler.cs: 51d9373d40da270f48bbe8728ba95a62 -> 
  custom:scripting/monoscript/fileName/XRFingerShape.cs: c41aee5172ccf6470e4cd8ae53066d4a -> 
  custom:scripting/monoscript/fileName/XRHandOrientationUtility.cs: 4b0f927202509c86d7a78fa17299a608 -> 
  custom:scripting/monoscript/fileName/XRHandShape.cs: 19dfc75c596738b72d119327f3916a15 -> 
  custom:scripting/monoscript/fileName/XRHandPose.cs: 27ef765d76950ebe336c7873605587f6 -> 
  custom:scripting/monoscript/fileName/PokeGestureDetector.cs: 8ed8109023808b7e418a51d11ee41c1f -> 
  custom:scripting/precompiled-assembly-types:Unity.XR.Hands.Editor: 139cd99e105bc66fede7b2d49aa623c5 -> 
  custom:scripting/monoscript/fileName/XRHandJoint.cs: 0c41b91f75c823c214b6b2570f979c1b -> 
  custom:scripting/monoscript/fileName/ValueDerivedButtonReader.cs: b9368aeacd9357cc3cd98f39205dde61 -> 
  custom:scripting/monoscript/fileName/HandsInteractionSampleProjectValidation.cs: a38e27c4e530b47289ec3c8e37be180e -> 
  custom:audio-decoder-ogg-vorbis: bf7c407c2cedff20999df2af8eb42d56 -> 
  custom:scripting/monoscript/fileName/XRHelpURLConstants.cs: 98df96a8d7c753553b3cf6b4316c07b9 -> 7a5beb455c744c93847a166db6e29e55
  custom:scripting/monoscript/fileName/ToggleGameObject.cs: 8e20a01cae91ebd6847aad4a53cd9194 -> 
  custom:scripting/monoscript/fileName/Enums.cs: f57a8de2bbdce64e12a5f7fbc7fbbde3 -> 
  custom:scripting/monoscript/fileName/MetaHandTrackingAim.cs: f1c82071354fa27a1024cbbcf64f695b -> 
  custom:scripting/precompiled-assembly-types:Unity.XR.Interaction.Toolkit: 54dacb94cfa6958b8900372fde9e550b -> 73fa42c28510bdf2cc8b5f0fa60a8220
  custom:audio-encoder-webm-vorbis: bf7c407c2cedff20999df2af8eb42d56 -> 
  custom:scripting/monoscript/fileName/HandTracking.cs: 1400cbb723f62f8ddaf3314a0a462444 -> 
  custom:scripting/monoscript/fileName/XRHandSubsystemDescriptor.cs: 8fc8308b83c351d004f1cdc61ac89877 -> 
  custom:scripting/monoscript/fileName/XRHandSkeletonDriverEditor.cs: caf0e24f344854b7cc27ca3319d7777b -> 
  custom:scripting/monoscript/fileName/OneEuroFilterVector3.cs: b8b59453576fa25eef8ddddb6609971f -> 
  custom:scripting/monoscript/fileName/XRHandSubsystem.cs: cce6a52f7ecfbaa3b1c83aac0e79f949 -> 
  custom:video-codec-MediaFoundation-h265: 746d11721c4dcdbdad8f713fa42b33f4 -> 
  custom:video-decoder-ogg-theora: a1e56fd34408186e4bbccfd4996cb3dc -> 
  custom:scripting/monoscript/fileName/BaseXRHandsEditor.cs: a8d271c6e691cdaad1d19054786feae9 -> 
  custom:scripting/monoscript/fileName/XRHandSkeletonDriver.cs: a94537efa9fbd44b583cc72c547f79b6 -> 
  custom:scripting/precompiled-assembly-types:Unity.XR.Hands: 579a6ccf50731e54ec50527a7c1268aa -> 
  custom:scripting/monoscript/fileName/MetaSystemGestureDetector.cs: 21cabc53388d664323f35f44716fdb3c -> 
  custom:scripting/monoscript/fileName/XRHandRelativeOrientation.cs: d8845917353218514ff113600da2219a -> 
  custom:CustomObjectIndexerAttribute: 72b91833f83ae208fae7752999fa3104 -> 
  custom:scripting/monoscript/fileName/XRHandSubsystemProvider.cs: 56e861151abf40d6bce328a415ffdad5 -> 
  custom:container-demuxer-webm: 4f35f7cbe854078d1ac9338744f61a02 -> 
  custom:scripting/monoscript/fileName/XRDeviceSimulatorHandsSubsystem.cs: 3e5716ae4db9edc623310fee0f2d15aa -> 
  custom:scripting/precompiled-assembly-types:Unity.XR.Interaction.Toolkit.Samples.Hands.Editor: ace5fec3642dc3ab7f30ebf48424acec -> 
  custom:scripting/monoscript/fileName/XRHandSkeletonDriverUtility.cs: 361dff05ffecd6a6307e1658d5105f6f -> 
  custom:scripting/monoscript/fileName/PokeBlendShapeAnimator.cs: 7a3545cedc2f876a561572ace5313708 -> 
  custom:scripting/monoscript/fileName/PinchPointFollow.cs: 5c16ba0863e500f5940201793d070331 -> 
  custom:scripting/monoscript/fileName/XRHandDevice.cs: cacb17c4f08d3e689d973730f12b2fe5 -> 
  custom:scripting/monoscript/fileName/XRFingerShapeConfiguration.cs: 51cebcc1a7a721478f666b57ed597bfe -> 
  custom:scripting/monoscript/fileName/XRHandJointsUpdatedEventArgs.cs: 839a1abe88068fde13fc7e5db800cc94 -> 
  custom:scripting/monoscript/fileName/XRDeviceSimulatorHandsProvider.cs: 515172af02348bc81fcfb3007105b4d2 -> 
  custom:scripting/monoscript/fileName/HideObjectWhenInteractorBlocked.cs: 9881e2014a818366c7666dae36e88286 -> 
  custom:video-encoder-webm-vp8: eb34c28f22e8b96e1ab97ce403110664 -> 
  custom:scripting/monoscript/fileName/XRHand.cs: 975d9bc94476df585047a2b43a591f0c -> 
  custom:scripting/monoscript/fileName/ModifyAndroidManifest.cs: bee6ef0afd024007d5a593cae1b1ae4f -> 
  custom:scripting/monoscript/fileName/XRFingerShapeMath.cs: 788f9ea907cd4861b225ea55dfae8dc5 -> 
  custom:scripting/monoscript/fileName/HandProcessor.cs: bf8ea8f317f0da56bdd80564d32b67b5 -> 
  custom:scripting/monoscript/fileName/OpenXRHandProvider.cs: 9457f590fd417c77475de530d3a65878 -> 
  custom:scripting/monoscript/fileName/XRHandSubsystem.deprecated.cs: cce6a52f7ecfbaa3b1c83aac0e79f949 -> 
  custom:scripting/monoscript/fileName/MetaAim.deprecated.cs: 3fee3cb2a2deaca4b4454ffabc6c25d0 -> 
